  KameraWirtualna.cpp
C:\studia\GK\KameraVirtualna\KameraWirtualna\KameraWirtualna.cpp(285,74): warning C4244: "argument": konwersja z "double" do "T", możliwa utrata danych
C:\studia\GK\KameraVirtualna\KameraWirtualna\KameraWirtualna.cpp(285,74): warning C4244:         with
C:\studia\GK\KameraVirtualna\KameraWirtualna\KameraWirtualna.cpp(285,74): warning C4244:         [
C:\studia\GK\KameraVirtualna\KameraWirtualna\KameraWirtualna.cpp(285,74): warning C4244:             T=float
C:\studia\GK\KameraVirtualna\KameraWirtualna\KameraWirtualna.cpp(285,74): warning C4244:         ]
C:\studia\GK\KameraVirtualna\KameraWirtualna\KameraWirtualna.cpp(285,71): warning C4244: "argument": konwersja z "double" do "T", możliwa utrata danych
C:\studia\GK\KameraVirtualna\KameraWirtualna\KameraWirtualna.cpp(285,71): warning C4244:         with
C:\studia\GK\KameraVirtualna\KameraWirtualna\KameraWirtualna.cpp(285,71): warning C4244:         [
C:\studia\GK\KameraVirtualna\KameraWirtualna\KameraWirtualna.cpp(285,71): warning C4244:             T=float
C:\studia\GK\KameraVirtualna\KameraWirtualna\KameraWirtualna.cpp(285,71): warning C4244:         ]
C:\studia\GK\KameraVirtualna\KameraWirtualna\KameraWirtualna.cpp(285,115): warning C4244: "argument": konwersja z "_Ty" do "sf::Uint8", możliwa utrata danych
C:\studia\GK\KameraVirtualna\KameraWirtualna\KameraWirtualna.cpp(285,115): warning C4244:         with
C:\studia\GK\KameraVirtualna\KameraWirtualna\KameraWirtualna.cpp(285,115): warning C4244:         [
C:\studia\GK\KameraVirtualna\KameraWirtualna\KameraWirtualna.cpp(285,115): warning C4244:             _Ty=double
C:\studia\GK\KameraVirtualna\KameraWirtualna\KameraWirtualna.cpp(285,115): warning C4244:         ]
C:\studia\GK\KameraVirtualna\KameraWirtualna\KameraWirtualna.cpp(285,105): warning C4244: "argument": konwersja z "_Ty" do "sf::Uint8", możliwa utrata danych
C:\studia\GK\KameraVirtualna\KameraWirtualna\KameraWirtualna.cpp(285,105): warning C4244:         with
C:\studia\GK\KameraVirtualna\KameraWirtualna\KameraWirtualna.cpp(285,105): warning C4244:         [
C:\studia\GK\KameraVirtualna\KameraWirtualna\KameraWirtualna.cpp(285,105): warning C4244:             _Ty=double
C:\studia\GK\KameraVirtualna\KameraWirtualna\KameraWirtualna.cpp(285,105): warning C4244:         ]
C:\studia\GK\KameraVirtualna\KameraWirtualna\KameraWirtualna.cpp(285,95): warning C4244: "argument": konwersja z "_Ty" do "sf::Uint8", możliwa utrata danych
C:\studia\GK\KameraVirtualna\KameraWirtualna\KameraWirtualna.cpp(285,95): warning C4244:         with
C:\studia\GK\KameraVirtualna\KameraWirtualna\KameraWirtualna.cpp(285,95): warning C4244:         [
C:\studia\GK\KameraVirtualna\KameraWirtualna\KameraWirtualna.cpp(285,95): warning C4244:             _Ty=double
C:\studia\GK\KameraVirtualna\KameraWirtualna\KameraWirtualna.cpp(285,95): warning C4244:         ]
C:\studia\GK\KameraVirtualna\KameraWirtualna\KameraWirtualna.cpp(107,21): warning C4101: "y2": lokalna zmienna, do której nie istnieje odwołanie
C:\studia\GK\KameraVirtualna\KameraWirtualna\KameraWirtualna.cpp(107,15): warning C4101: "y1": lokalna zmienna, do której nie istnieje odwołanie
C:\studia\GK\KameraVirtualna\KameraWirtualna\KameraWirtualna.cpp(107,33): warning C4101: "s2": lokalna zmienna, do której nie istnieje odwołanie
C:\studia\GK\KameraVirtualna\KameraWirtualna\KameraWirtualna.cpp(107,12): warning C4101: "x1": lokalna zmienna, do której nie istnieje odwołanie
C:\studia\GK\KameraVirtualna\KameraWirtualna\KameraWirtualna.cpp(107,27): warning C4101: "z2": lokalna zmienna, do której nie istnieje odwołanie
C:\studia\GK\KameraVirtualna\KameraWirtualna\KameraWirtualna.cpp(108,10): warning C4101: "p": lokalna zmienna, do której nie istnieje odwołanie
C:\studia\GK\KameraVirtualna\KameraWirtualna\KameraWirtualna.cpp(107,30): warning C4101: "s1": lokalna zmienna, do której nie istnieje odwołanie
C:\studia\GK\KameraVirtualna\KameraWirtualna\KameraWirtualna.cpp(109,22): warning C4101: "p3": lokalna zmienna, do której nie istnieje odwołanie
C:\studia\GK\KameraVirtualna\KameraWirtualna\KameraWirtualna.cpp(109,13): warning C4101: "p1": lokalna zmienna, do której nie istnieje odwołanie
C:\studia\GK\KameraVirtualna\KameraWirtualna\KameraWirtualna.cpp(107,36): warning C4101: "s3": lokalna zmienna, do której nie istnieje odwołanie
C:\studia\GK\KameraVirtualna\KameraWirtualna\KameraWirtualna.cpp(109,26): warning C4101: "p4": lokalna zmienna, do której nie istnieje odwołanie
C:\studia\GK\KameraVirtualna\KameraWirtualna\KameraWirtualna.cpp(109,18): warning C4101: "p2": lokalna zmienna, do której nie istnieje odwołanie
C:\studia\GK\KameraVirtualna\KameraWirtualna\KameraWirtualna.cpp(107,42): warning C4101: "ct": lokalna zmienna, do której nie istnieje odwołanie
C:\studia\GK\KameraVirtualna\KameraWirtualna\KameraWirtualna.cpp(125,18): warning C4101: "root": lokalna zmienna, do której nie istnieje odwołanie
C:\studia\GK\KameraVirtualna\KameraWirtualna\KameraWirtualna.cpp(107,24): warning C4101: "z1": lokalna zmienna, do której nie istnieje odwołanie
C:\studia\GK\KameraVirtualna\KameraWirtualna\KameraWirtualna.cpp(107,18): warning C4101: "x2": lokalna zmienna, do której nie istnieje odwołanie
C:\studia\GK\KameraVirtualna\KameraWirtualna\KameraWirtualna.cpp(107,39): warning C4101: "s4": lokalna zmienna, do której nie istnieje odwołanie
  KameraWirtualna.vcxproj -> C:\studia\GK\KameraVirtualna\KameraWirtualna\x64\Debug\KameraWirtualna.exe
